{"/Users/egorlesnicij/Library/Mobile Documents/com~apple~CloudDocs/hw1/app/src/settings.ts": {"path":"/Users/egorlesnicij/Library/Mobile Documents/com~apple~CloudDocs/hw1/app/src/settings.ts","statementMap":{"0":{"start":{"line":1,"column":0},"end":{"line":1,"column":53}},"1":{"start":{"line":4,"column":13},"end":{"line":4,"column":null}},"2":{"start":{"line":5,"column":0},"end":{"line":5,"column":null}},"3":{"start":{"line":18,"column":0},"end":{"line":18,"column":null}},"4":{"start":{"line":19,"column":2},"end":{"line":19,"column":null}},"5":{"start":{"line":20,"column":2},"end":{"line":20,"column":null}},"6":{"start":{"line":21,"column":2},"end":{"line":21,"column":null}},"7":{"start":{"line":22,"column":2},"end":{"line":22,"column":null}},"8":{"start":{"line":23,"column":2},"end":{"line":23,"column":null}},"9":{"start":{"line":24,"column":2},"end":{"line":24,"column":null}},"10":{"start":{"line":25,"column":2},"end":{"line":25,"column":null}},"11":{"start":{"line":26,"column":2},"end":{"line":26,"column":null}},"12":{"start":{"line":39,"column":29},"end":{"line":52,"column":null}},"13":{"start":{"line":54,"column":0},"end":{"line":56,"column":null}},"14":{"start":{"line":55,"column":2},"end":{"line":55,"column":null}},"15":{"start":{"line":58,"column":0},"end":{"line":68,"column":null}},"16":{"start":{"line":60,"column":13},"end":{"line":60,"column":27}},"17":{"start":{"line":61,"column":16},"end":{"line":61,"column":48}},"18":{"start":{"line":61,"column":35},"end":{"line":61,"column":47}},"19":{"start":{"line":62,"column":2},"end":{"line":67,"column":null}},"20":{"start":{"line":63,"column":4},"end":{"line":63,"column":null}},"21":{"start":{"line":64,"column":4},"end":{"line":64,"column":10}},"22":{"start":{"line":66,"column":4},"end":{"line":66,"column":null}},"23":{"start":{"line":69,"column":0},"end":{"line":112,"column":null}},"24":{"start":{"line":70,"column":27},"end":{"line":72,"column":null}},"25":{"start":{"line":73,"column":48},"end":{"line":73,"column":56}},"26":{"start":{"line":74,"column":2},"end":{"line":76,"column":null}},"27":{"start":{"line":75,"column":4},"end":{"line":75,"column":null}},"28":{"start":{"line":77,"column":2},"end":{"line":79,"column":null}},"29":{"start":{"line":78,"column":4},"end":{"line":78,"column":null}},"30":{"start":{"line":80,"column":2},"end":{"line":89,"column":null}},"31":{"start":{"line":81,"column":4},"end":{"line":86,"column":null}},"32":{"start":{"line":82,"column":6},"end":{"line":85,"column":8}},"33":{"start":{"line":88,"column":4},"end":{"line":88,"column":null}},"34":{"start":{"line":91,"column":2},"end":{"line":111,"column":null}},"35":{"start":{"line":92,"column":4},"end":{"line":92,"column":null}},"36":{"start":{"line":93,"column":4},"end":{"line":93,"column":10}},"37":{"start":{"line":95,"column":26},"end":{"line":95,"column":36}},"38":{"start":{"line":96,"column":28},"end":{"line":96,"column":38}},"39":{"start":{"line":97,"column":4},"end":{"line":97,"column":null}},"40":{"start":{"line":98,"column":32},"end":{"line":108,"column":null}},"41":{"start":{"line":109,"column":4},"end":{"line":109,"column":null}},"42":{"start":{"line":110,"column":4},"end":{"line":110,"column":null}},"43":{"start":{"line":114,"column":0},"end":{"line":124,"column":null}},"44":{"start":{"line":115,"column":13},"end":{"line":115,"column":26}},"45":{"start":{"line":116,"column":21},"end":{"line":116,"column":58}},"46":{"start":{"line":116,"column":45},"end":{"line":116,"column":57}},"47":{"start":{"line":117,"column":2},"end":{"line":123,"column":null}},"48":{"start":{"line":118,"column":4},"end":{"line":118,"column":null}},"49":{"start":{"line":119,"column":4},"end":{"line":119,"column":10}},"50":{"start":{"line":121,"column":4},"end":{"line":121,"column":null}},"51":{"start":{"line":122,"column":4},"end":{"line":122,"column":null}},"52":{"start":{"line":125,"column":0},"end":{"line":198,"column":null}},"53":{"start":{"line":133,"column":13},"end":{"line":133,"column":27}},"54":{"start":{"line":134,"column":29},"end":{"line":136,"column":null}},"55":{"start":{"line":137,"column":101},"end":{"line":137,"column":109}},"56":{"start":{"line":138,"column":27},"end":{"line":138,"column":64}},"57":{"start":{"line":138,"column":51},"end":{"line":138,"column":63}},"58":{"start":{"line":139,"column":2},"end":{"line":197,"column":null}},"59":{"start":{"line":140,"column":4},"end":{"line":140,"column":null}},"60":{"start":{"line":141,"column":4},"end":{"line":141,"column":10}},"61":{"start":{"line":143,"column":4},"end":{"line":145,"column":null}},"62":{"start":{"line":144,"column":6},"end":{"line":144,"column":null}},"63":{"start":{"line":146,"column":4},"end":{"line":148,"column":null}},"64":{"start":{"line":147,"column":6},"end":{"line":147,"column":null}},"65":{"start":{"line":149,"column":4},"end":{"line":158,"column":null}},"66":{"start":{"line":150,"column":6},"end":{"line":155,"column":null}},"67":{"start":{"line":151,"column":8},"end":{"line":154,"column":10}},"68":{"start":{"line":157,"column":6},"end":{"line":157,"column":null}},"69":{"start":{"line":159,"column":4},"end":{"line":166,"column":null}},"70":{"start":{"line":160,"column":6},"end":{"line":163,"column":null}},"71":{"start":{"line":165,"column":6},"end":{"line":165,"column":null}},"72":{"start":{"line":167,"column":4},"end":{"line":174,"column":null}},"73":{"start":{"line":168,"column":6},"end":{"line":171,"column":null}},"74":{"start":{"line":173,"column":6},"end":{"line":173,"column":null}},"75":{"start":{"line":175,"column":4},"end":{"line":180,"column":null}},"76":{"start":{"line":176,"column":8},"end":{"line":179,"column":null}},"77":{"start":{"line":182,"column":4},"end":{"line":185,"column":null}},"78":{"start":{"line":183,"column":6},"end":{"line":183,"column":null}},"79":{"start":{"line":184,"column":6},"end":{"line":184,"column":12}},"80":{"start":{"line":186,"column":4},"end":{"line":195,"column":null}},"81":{"start":{"line":196,"column":4},"end":{"line":196,"column":null}}},"fnMap":{"0":{"name":"(anonymous_1)","decl":{"start":{"line":18,"column":0},"end":{"line":18,"column":5}},"loc":{"start":{"line":18,"column":25},"end":{"line":27,"column":1}}},"1":{"name":"(anonymous_2)","decl":{"start":{"line":54,"column":19},"end":{"line":54,"column":20}},"loc":{"start":{"line":54,"column":51},"end":{"line":56,"column":1}}},"2":{"name":"(anonymous_3)","decl":{"start":{"line":58,"column":23},"end":{"line":58,"column":24}},"loc":{"start":{"line":58,"column":81},"end":{"line":68,"column":1}}},"3":{"name":"(anonymous_4)","decl":{"start":{"line":61,"column":29},"end":{"line":61,"column":31}},"loc":{"start":{"line":61,"column":35},"end":{"line":61,"column":47}}},"4":{"name":"(anonymous_5)","decl":{"start":{"line":69,"column":20},"end":{"line":69,"column":21}},"loc":{"start":{"line":69,"column":141},"end":{"line":112,"column":1}}},"5":{"name":"(anonymous_6)","decl":{"start":{"line":81,"column":29},"end":{"line":81,"column":31}},"loc":{"start":{"line":82,"column":6},"end":{"line":85,"column":8}}},"6":{"name":"(anonymous_7)","decl":{"start":{"line":114,"column":26},"end":{"line":114,"column":27}},"loc":{"start":{"line":114,"column":84},"end":{"line":124,"column":1}}},"7":{"name":"(anonymous_8)","decl":{"start":{"line":116,"column":39},"end":{"line":116,"column":41}},"loc":{"start":{"line":116,"column":45},"end":{"line":116,"column":57}}},"8":{"name":"(anonymous_9)","decl":{"start":{"line":125,"column":23},"end":{"line":125,"column":24}},"loc":{"start":{"line":132,"column":21},"end":{"line":198,"column":1}}},"9":{"name":"(anonymous_10)","decl":{"start":{"line":138,"column":45},"end":{"line":138,"column":47}},"loc":{"start":{"line":138,"column":51},"end":{"line":138,"column":63}}},"10":{"name":"(anonymous_11)","decl":{"start":{"line":150,"column":31},"end":{"line":150,"column":33}},"loc":{"start":{"line":151,"column":8},"end":{"line":154,"column":10}}}},"branchMap":{"0":{"loc":{"start":{"line":18,"column":5},"end":{"line":18,"column":null}},"type":"binary-expr","locations":[{"start":{"line":18,"column":5},"end":{"line":18,"column":25}},{"start":{"line":18,"column":5},"end":{"line":18,"column":null}}]},"1":{"loc":{"start":{"line":62,"column":2},"end":{"line":67,"column":null}},"type":"if","locations":[{"start":{"line":62,"column":2},"end":{"line":67,"column":null}},{"start":{"line":65,"column":9},"end":{"line":67,"column":null}}]},"2":{"loc":{"start":{"line":74,"column":2},"end":{"line":76,"column":null}},"type":"if","locations":[{"start":{"line":74,"column":2},"end":{"line":76,"column":null}}]},"3":{"loc":{"start":{"line":74,"column":6},"end":{"line":74,"column":57}},"type":"binary-expr","locations":[{"start":{"line":74,"column":6},"end":{"line":74,"column":12}},{"start":{"line":74,"column":16},"end":{"line":74,"column":29}},{"start":{"line":74,"column":33},"end":{"line":74,"column":57}}]},"4":{"loc":{"start":{"line":77,"column":2},"end":{"line":79,"column":null}},"type":"if","locations":[{"start":{"line":77,"column":2},"end":{"line":79,"column":null}}]},"5":{"loc":{"start":{"line":77,"column":6},"end":{"line":77,"column":60}},"type":"binary-expr","locations":[{"start":{"line":77,"column":6},"end":{"line":77,"column":13}},{"start":{"line":77,"column":17},"end":{"line":77,"column":31}},{"start":{"line":77,"column":35},"end":{"line":77,"column":60}}]},"6":{"loc":{"start":{"line":80,"column":2},"end":{"line":89,"column":null}},"type":"if","locations":[{"start":{"line":80,"column":2},"end":{"line":89,"column":null}},{"start":{"line":87,"column":9},"end":{"line":89,"column":null}}]},"7":{"loc":{"start":{"line":80,"column":6},"end":{"line":80,"column":72}},"type":"binary-expr","locations":[{"start":{"line":80,"column":6},"end":{"line":80,"column":41}},{"start":{"line":80,"column":45},"end":{"line":80,"column":72}}]},"8":{"loc":{"start":{"line":82,"column":6},"end":{"line":85,"column":8}},"type":"binary-expr","locations":[{"start":{"line":82,"column":6},"end":{"line":82,"column":31}},{"start":{"line":82,"column":35},"end":{"line":85,"column":8}}]},"9":{"loc":{"start":{"line":91,"column":2},"end":{"line":111,"column":null}},"type":"if","locations":[{"start":{"line":91,"column":2},"end":{"line":111,"column":null}},{"start":{"line":94,"column":9},"end":{"line":111,"column":null}}]},"10":{"loc":{"start":{"line":117,"column":2},"end":{"line":123,"column":null}},"type":"if","locations":[{"start":{"line":117,"column":2},"end":{"line":123,"column":null}},{"start":{"line":120,"column":9},"end":{"line":123,"column":null}}]},"11":{"loc":{"start":{"line":139,"column":2},"end":{"line":197,"column":null}},"type":"if","locations":[{"start":{"line":139,"column":2},"end":{"line":197,"column":null}},{"start":{"line":142,"column":9},"end":{"line":197,"column":null}}]},"12":{"loc":{"start":{"line":143,"column":4},"end":{"line":145,"column":null}},"type":"if","locations":[{"start":{"line":143,"column":4},"end":{"line":145,"column":null}}]},"13":{"loc":{"start":{"line":143,"column":8},"end":{"line":143,"column":59}},"type":"binary-expr","locations":[{"start":{"line":143,"column":8},"end":{"line":143,"column":14}},{"start":{"line":143,"column":18},"end":{"line":143,"column":42}},{"start":{"line":143,"column":46},"end":{"line":143,"column":59}}]},"14":{"loc":{"start":{"line":146,"column":4},"end":{"line":148,"column":null}},"type":"if","locations":[{"start":{"line":146,"column":4},"end":{"line":148,"column":null}}]},"15":{"loc":{"start":{"line":146,"column":8},"end":{"line":146,"column":62}},"type":"binary-expr","locations":[{"start":{"line":146,"column":8},"end":{"line":146,"column":15}},{"start":{"line":146,"column":19},"end":{"line":146,"column":44}},{"start":{"line":146,"column":48},"end":{"line":146,"column":62}}]},"16":{"loc":{"start":{"line":149,"column":4},"end":{"line":158,"column":null}},"type":"if","locations":[{"start":{"line":149,"column":4},"end":{"line":158,"column":null}},{"start":{"line":156,"column":11},"end":{"line":158,"column":null}}]},"17":{"loc":{"start":{"line":149,"column":8},"end":{"line":149,"column":74}},"type":"binary-expr","locations":[{"start":{"line":149,"column":8},"end":{"line":149,"column":43}},{"start":{"line":149,"column":47},"end":{"line":149,"column":74}}]},"18":{"loc":{"start":{"line":151,"column":8},"end":{"line":154,"column":10}},"type":"binary-expr","locations":[{"start":{"line":151,"column":8},"end":{"line":151,"column":33}},{"start":{"line":151,"column":37},"end":{"line":154,"column":10}}]},"19":{"loc":{"start":{"line":159,"column":4},"end":{"line":166,"column":null}},"type":"if","locations":[{"start":{"line":159,"column":4},"end":{"line":166,"column":null}},{"start":{"line":164,"column":11},"end":{"line":166,"column":null}}]},"20":{"loc":{"start":{"line":159,"column":8},"end":{"line":159,"column":65}},"type":"binary-expr","locations":[{"start":{"line":159,"column":8},"end":{"line":159,"column":23}},{"start":{"line":159,"column":27},"end":{"line":159,"column":65}}]},"21":{"loc":{"start":{"line":167,"column":4},"end":{"line":174,"column":null}},"type":"if","locations":[{"start":{"line":167,"column":4},"end":{"line":174,"column":null}},{"start":{"line":172,"column":11},"end":{"line":174,"column":null}}]},"22":{"loc":{"start":{"line":167,"column":8},"end":{"line":167,"column":121}},"type":"binary-expr","locations":[{"start":{"line":167,"column":8},"end":{"line":167,"column":26}},{"start":{"line":167,"column":30},"end":{"line":167,"column":51}},{"start":{"line":167,"column":55},"end":{"line":167,"column":78}},{"start":{"line":167,"column":82},"end":{"line":167,"column":121}}]},"23":{"loc":{"start":{"line":175,"column":4},"end":{"line":180,"column":null}},"type":"if","locations":[{"start":{"line":175,"column":4},"end":{"line":180,"column":null}}]},"24":{"loc":{"start":{"line":175,"column":7},"end":{"line":175,"column":60}},"type":"binary-expr","locations":[{"start":{"line":175,"column":7},"end":{"line":175,"column":23}},{"start":{"line":175,"column":27},"end":{"line":175,"column":60}}]},"25":{"loc":{"start":{"line":182,"column":4},"end":{"line":185,"column":null}},"type":"if","locations":[{"start":{"line":182,"column":4},"end":{"line":185,"column":null}}]}},"s":{"0":1,"1":1,"2":1,"3":1,"4":1,"5":1,"6":1,"7":1,"8":1,"9":1,"10":1,"11":1,"12":1,"13":1,"14":1,"15":1,"16":1,"17":1,"18":1,"19":1,"20":1,"21":1,"22":0,"23":1,"24":1,"25":1,"26":1,"27":1,"28":1,"29":1,"30":1,"31":0,"32":0,"33":1,"34":1,"35":1,"36":1,"37":0,"38":0,"39":0,"40":0,"41":0,"42":0,"43":1,"44":0,"45":0,"46":0,"47":0,"48":0,"49":0,"50":0,"51":0,"52":1,"53":0,"54":0,"55":0,"56":0,"57":0,"58":0,"59":0,"60":0,"61":0,"62":0,"63":0,"64":0,"65":0,"66":0,"67":0,"68":0,"69":0,"70":0,"71":0,"72":0,"73":0,"74":0,"75":0,"76":0,"77":0,"78":0,"79":0,"80":0,"81":0},"f":{"0":1,"1":1,"2":1,"3":1,"4":1,"5":0,"6":0,"7":0,"8":0,"9":0,"10":0},"b":{"0":[1,1],"1":[1,0],"2":[1],"3":[1,0,0],"4":[1],"5":[1,0,0],"6":[0,1],"7":[1,0],"8":[0,0],"9":[1,0],"10":[0,0],"11":[0,0],"12":[0],"13":[0,0,0],"14":[0],"15":[0,0,0],"16":[0,0],"17":[0,0],"18":[0,0],"19":[0,0],"20":[0,0],"21":[0,0],"22":[0,0,0,0],"23":[0],"24":[0,0],"25":[0]}}
}
