TN:
SF:src/settings.ts
FN:18,(anonymous_1)
FN:54,(anonymous_2)
FN:58,(anonymous_3)
FN:61,(anonymous_4)
FN:69,(anonymous_5)
FN:81,(anonymous_6)
FN:114,(anonymous_7)
FN:116,(anonymous_8)
FN:125,(anonymous_9)
FN:138,(anonymous_10)
FN:150,(anonymous_11)
FNF:11
FNH:5
FNDA:1,(anonymous_1)
FNDA:1,(anonymous_2)
FNDA:1,(anonymous_3)
FNDA:1,(anonymous_4)
FNDA:1,(anonymous_5)
FNDA:0,(anonymous_6)
FNDA:0,(anonymous_7)
FNDA:0,(anonymous_8)
FNDA:0,(anonymous_9)
FNDA:0,(anonymous_10)
FNDA:0,(anonymous_11)
DA:1,1
DA:4,1
DA:5,1
DA:18,1
DA:19,1
DA:20,1
DA:21,1
DA:22,1
DA:23,1
DA:24,1
DA:25,1
DA:26,1
DA:39,1
DA:54,1
DA:55,1
DA:58,1
DA:60,1
DA:61,1
DA:62,1
DA:63,1
DA:64,1
DA:66,0
DA:69,1
DA:70,1
DA:73,1
DA:74,1
DA:75,1
DA:77,1
DA:78,1
DA:80,1
DA:81,0
DA:82,0
DA:88,1
DA:91,1
DA:92,1
DA:93,1
DA:95,0
DA:96,0
DA:97,0
DA:98,0
DA:109,0
DA:110,0
DA:114,1
DA:115,0
DA:116,0
DA:117,0
DA:118,0
DA:119,0
DA:121,0
DA:122,0
DA:125,1
DA:133,0
DA:134,0
DA:137,0
DA:138,0
DA:139,0
DA:140,0
DA:141,0
DA:143,0
DA:144,0
DA:146,0
DA:147,0
DA:149,0
DA:150,0
DA:151,0
DA:157,0
DA:159,0
DA:160,0
DA:165,0
DA:167,0
DA:168,0
DA:173,0
DA:175,0
DA:176,0
DA:182,0
DA:183,0
DA:184,0
DA:186,0
DA:196,0
LF:79
LH:35
BRDA:18,0,0,1
BRDA:18,0,1,1
BRDA:62,1,0,1
BRDA:62,1,1,0
BRDA:74,2,0,1
BRDA:74,3,0,1
BRDA:74,3,1,0
BRDA:74,3,2,0
BRDA:77,4,0,1
BRDA:77,5,0,1
BRDA:77,5,1,0
BRDA:77,5,2,0
BRDA:80,6,0,0
BRDA:80,6,1,1
BRDA:80,7,0,1
BRDA:80,7,1,0
BRDA:82,8,0,0
BRDA:82,8,1,0
BRDA:91,9,0,1
BRDA:91,9,1,0
BRDA:117,10,0,0
BRDA:117,10,1,0
BRDA:139,11,0,0
BRDA:139,11,1,0
BRDA:143,12,0,0
BRDA:143,13,0,0
BRDA:143,13,1,0
BRDA:143,13,2,0
BRDA:146,14,0,0
BRDA:146,15,0,0
BRDA:146,15,1,0
BRDA:146,15,2,0
BRDA:149,16,0,0
BRDA:149,16,1,0
BRDA:149,17,0,0
BRDA:149,17,1,0
BRDA:151,18,0,0
BRDA:151,18,1,0
BRDA:159,19,0,0
BRDA:159,19,1,0
BRDA:159,20,0,0
BRDA:159,20,1,0
BRDA:167,21,0,0
BRDA:167,21,1,0
BRDA:167,22,0,0
BRDA:167,22,1,0
BRDA:167,22,2,0
BRDA:167,22,3,0
BRDA:175,23,0,0
BRDA:175,24,0,0
BRDA:175,24,1,0
BRDA:182,25,0,0
BRF:52
BRH:10
end_of_record
